/*C4*/SET SCHEMA PUBLIC
INSERT INTO REVISIONS VALUES(1,'NoAddress','',NULL,NULL,1613)
COMMIT
INSERT INTO REVISIONS VALUES(2,'NoAddress','',NULL,NULL,669)
COMMIT
INSERT INTO REVISIONS VALUES(3,'OK','',NULL,NULL,1982)
COMMIT
INSERT INTO REVISIONS VALUES(4,'OK','',NULL,NULL,863)
COMMIT
INSERT INTO REVISIONS VALUES(5,'OK','',NULL,NULL,3455)
COMMIT
INSERT INTO REVISIONS VALUES(6,'WrongPlace','',NULL,NULL,1331)
COMMIT
INSERT INTO REVISIONS VALUES(7,'OK','',NULL,NULL,607)
COMMIT
INSERT INTO REVISIONS VALUES(8,'OK','',NULL,NULL,3133)
COMMIT
INSERT INTO REVISIONS VALUES(9,'NoAddress','',NULL,NULL,1298)
COMMIT
INSERT INTO REVISIONS VALUES(10,'OK','',NULL,NULL,2266)
COMMIT
INSERT INTO REVISIONS VALUES(11,'OK','',NULL,NULL,132)
COMMIT
INSERT INTO REVISIONS VALUES(12,'OK','',NULL,NULL,513)
COMMIT
INSERT INTO REVISIONS VALUES(13,'NoAddress','',NULL,NULL,3470)
COMMIT
INSERT INTO REVISIONS VALUES(14,'OK','',NULL,NULL,1703)
COMMIT
INSERT INTO REVISIONS VALUES(15,'OK','',NULL,NULL,2133)
COMMIT
INSERT INTO REVISIONS VALUES(16,'NoAddress','',NULL,NULL,263)
COMMIT
INSERT INTO REVISIONS VALUES(17,'OK','',NULL,NULL,2027)
COMMIT
INSERT INTO REVISIONS VALUES(18,'OK','',NULL,NULL,3126)
COMMIT
INSERT INTO REVISIONS VALUES(19,'OK','',NULL,NULL,1081)
COMMIT
INSERT INTO REVISIONS VALUES(20,'OK','',NULL,NULL,692)
COMMIT
INSERT INTO REVISIONS VALUES(21,'NoAddress','',NULL,NULL,2774)
COMMIT
INSERT INTO REVISIONS VALUES(22,'OK','',NULL,NULL,92)
COMMIT
INSERT INTO REVISIONS VALUES(23,'NoAddress','',NULL,NULL,2752)
COMMIT
INSERT INTO REVISIONS VALUES(24,'OK','',NULL,NULL,1845)
COMMIT
INSERT INTO REVISIONS VALUES(25,'OK','',NULL,NULL,1117)
COMMIT
INSERT INTO REVISIONS VALUES(26,'OK','',NULL,NULL,3405)
COMMIT
INSERT INTO REVISIONS VALUES(27,'OK','',NULL,NULL,2892)
COMMIT
INSERT INTO REVISIONS VALUES(28,'OK','',NULL,NULL,3244)
COMMIT
INSERT INTO REVISIONS VALUES(29,'OK','',NULL,NULL,2615)
COMMIT
INSERT INTO REVISIONS VALUES(30,'OK','',NULL,NULL,1070)
COMMIT
INSERT INTO REVISIONS VALUES(31,'NoAddress','',NULL,NULL,1652)
COMMIT
INSERT INTO REVISIONS VALUES(32,'OK','',NULL,NULL,3838)
COMMIT
INSERT INTO REVISIONS VALUES(33,'NoAddress','',NULL,NULL,1685)
COMMIT
INSERT INTO REVISIONS VALUES(34,'OK','',NULL,NULL,435)
COMMIT
INSERT INTO REVISIONS VALUES(35,'OK','',NULL,NULL,2089)
COMMIT
INSERT INTO REVISIONS VALUES(36,'OK','',NULL,NULL,632)
COMMIT
INSERT INTO REVISIONS VALUES(37,'NoAddress','',NULL,NULL,1942)
COMMIT
INSERT INTO REVISIONS VALUES(38,'OK','',NULL,NULL,997)
COMMIT
INSERT INTO REVISIONS VALUES(39,'OK','',NULL,NULL,1981)
COMMIT
INSERT INTO REVISIONS VALUES(40,'OK','',NULL,NULL,3270)
COMMIT
INSERT INTO REVISIONS VALUES(41,'NoBuilding','',NULL,NULL,2726)
COMMIT
INSERT INTO REVISIONS VALUES(42,'NoAddress','\u0412 \u043e\u0441\u043c \u041b\u0438\u043f\u043e\u0432\u0430\u044f \u0443\u043b\u0438\u0446\u0430. \u0423\u0438\u043a - \u0443\u043b\u0438\u0446\u0430 \u041b\u0438\u043f\u043e\u0432\u0430. \u041d\u0435 \u043f\u043e\u043d\u044f\u0442\u043d\u043e \u043a\u0442\u043e \u0432\u0440\u0435\u0442.',NULL,NULL,2269)
COMMIT
INSERT INTO REVISIONS VALUES(43,'NoBuilding','\u0417\u0434\u0430\u043d\u0438\u044f \u043d\u0435\u0442 \u0445\u043e\u0442\u044f \u0430\u0434\u0440\u0435\u0441 \u0432\u0440\u043e\u0434\u0435 \u0435\u0441\u0442\u044c, \u043d\u0430\u0434\u043e \u0432\u0440\u0443\u0447\u043d\u0443\u044e \u043f\u0440\u043e\u0432\u0435\u0440\u0438\u0442\u044c.',NULL,NULL,2819)
COMMIT
INSERT INTO REVISIONS VALUES(44,'OK','',NULL,NULL,3350)
COMMIT
INSERT INTO REVISIONS VALUES(45,'OK','',NULL,NULL,3785)
COMMIT
INSERT INTO REVISIONS VALUES(46,'OK','',NULL,NULL,2847)
COMMIT
INSERT INTO REVISIONS VALUES(47,'OK','',NULL,NULL,3702)
COMMIT
INSERT INTO REVISIONS VALUES(48,'OK','',NULL,NULL,2672)
COMMIT
INSERT INTO REVISIONS VALUES(49,'OK','',NULL,NULL,2279)
COMMIT
INSERT INTO REVISIONS VALUES(50,'OK','',NULL,NULL,3060)
COMMIT
INSERT INTO REVISIONS VALUES(51,'OK','',NULL,NULL,2310)
COMMIT
INSERT INTO REVISIONS VALUES(52,'OK','',NULL,NULL,2813)
COMMIT
